{"/Users/ligfee/Documents/code/self/component.d/h-ui/packages/h-ui-vite/src/Button/Button.tsx": {"path":"/Users/ligfee/Documents/code/self/component.d/h-ui/packages/h-ui-vite/src/Button/Button.tsx","statementMap":{"0":{"start":{"line":13,"column":21},"end":{"line":22,"column":1}},"1":{"start":{"line":24,"column":15},"end":{"line":53,"column":2}},"2":{"start":{"line":28,"column":8},"end":{"line":51,"column":null}},"3":{"start":{"line":28,"column":15},"end":{"line":49,"column":null}}},"fnMap":{"0":{"name":"(anonymous_0)","decl":{"start":{"line":27,"column":4},"end":{"line":27,"column":9}},"loc":{"start":{"line":27,"column":28},"end":{"line":52,"column":null}}},"1":{"name":"(anonymous_1)","decl":{"start":{"line":28,"column":15},"end":{"line":28,"column":null}},"loc":{"start":{"line":28,"column":15},"end":{"line":49,"column":null}}}},"branchMap":{"0":{"loc":{"start":{"line":43,"column":17},"end":{"line":46,"column":null}},"type":"cond-expr","locations":[{"start":{"line":43,"column":28},"end":{"line":44,"column":null}},{"start":{"line":46,"column":20},"end":{"line":46,"column":null}}]},"1":{"loc":{"start":{"line":49,"column":17},"end":{"line":49,"column":53}},"type":"cond-expr","locations":[{"start":{"line":49,"column":33},"end":{"line":49,"column":48}},{"start":{"line":49,"column":51},"end":{"line":49,"column":53}}]}},"s":{"0":1,"1":1,"2":1,"3":1},"f":{"0":1,"1":1},"b":{"0":[1,0],"1":[1,0]}}
,"/Users/ligfee/Documents/code/self/component.d/h-ui/packages/h-ui-vite/src/Button/index.ts": {"path":"/Users/ligfee/Documents/code/self/component.d/h-ui/packages/h-ui-vite/src/Button/index.ts","statementMap":{"0":{"start":{"line":6,"column":0},"end":{"line":8,"column":null}},"1":{"start":{"line":7,"column":4},"end":{"line":7,"column":null}}},"fnMap":{"0":{"name":"(anonymous_0)","decl":{"start":{"line":6,"column":17},"end":{"line":6,"column":18}},"loc":{"start":{"line":6,"column":31},"end":{"line":8,"column":null}}}},"branchMap":{},"s":{"0":1,"1":0},"f":{"0":0},"b":{}}
}
